<?xml version="1.0" encoding="UTF-8"?>
<!-- Generated by org.testng.reporters.JUnitXMLReporter -->
<testsuite ignored="4" hostname="LAPTOP-RRORHA7N" failures="0" tests="1" name="Default test" time="5.682" errors="0" timestamp="2023-12-28T23:11:04 IST">
  <testcase classname="restassuredTests.Demo5_BasicValidations_JSON" name="testStatusCode" time="5.569"/>
  <testcase classname="restassuredTests.Demo5_BasicValidations_JSON" name="testParamsAndHeaders" time="0.0">
    <ignored/>
  </testcase> <!-- testParamsAndHeaders -->
  <testcase classname="restassuredTests.Demo5_BasicValidations_JSON" name="testSingleContent" time="0.0">
    <ignored/>
  </testcase> <!-- testSingleContent -->
  <testcase classname="restassuredTests.Demo5_BasicValidations_JSON" name="testLogging" time="0.0">
    <ignored/>
  </testcase> <!-- testLogging -->
  <testcase classname="restassuredTests.Demo5_BasicValidations_JSON" name="testmultipleContent" time="0.0">
    <ignored/>
  </testcase> <!-- testmultipleContent -->
</testsuite> <!-- Default test -->
