<?xml version="1.0" encoding="UTF-8"?>
<testng-results ignored="4" total="5" passed="1" failed="0" skipped="0">
  <reporter-output>
  </reporter-output>
  <suite started-at="2023-12-28T23:10:58 IST" name="Default suite" finished-at="2023-12-28T23:11:04 IST" duration-ms="5682">
    <groups>
    </groups>
    <test started-at="2023-12-28T23:10:58 IST" name="Default test" finished-at="2023-12-28T23:11:04 IST" duration-ms="5682">
      <class name="restassuredTests.Demo5_BasicValidations_JSON">
        <test-method signature="testStatusCode()[pri:1, instance:restassuredTests.Demo5_BasicValidations_JSON@1b1473ab]" started-at="2023-12-28T23:10:58 IST" name="testStatusCode" finished-at="2023-12-28T23:11:04 IST" duration-ms="5569" status="PASS">
          <reporter-output>
          </reporter-output>
        </test-method> <!-- testStatusCode -->
      </class> <!-- restassuredTests.Demo5_BasicValidations_JSON -->
    </test> <!-- Default test -->
  </suite> <!-- Default suite -->
</testng-results>
